Release 14.6 - xst P.68d (nt64)
Copyright (c) 1995-2013 Xilinx, Inc.  All rights reserved.
--> Parameter TMPDIR set to xst/projnav.tmp


Total REAL time to Xst completion: 0.00 secs
Total CPU time to Xst completion: 0.08 secs
 
--> Parameter xsthdpdir set to xst


Total REAL time to Xst completion: 0.00 secs
Total CPU time to Xst completion: 0.09 secs
 
--> Reading design: vga_ctrl_new.prj

TABLE OF CONTENTS
  1) Synthesis Options Summary
  2) HDL Parsing
  3) HDL Elaboration
  4) HDL Synthesis
       4.1) HDL Synthesis Report
  5) Advanced HDL Synthesis
       5.1) Advanced HDL Synthesis Report
  6) Low Level Synthesis
  7) Partition Report
  8) Design Summary
       8.1) Primitive and Black Box Usage
       8.2) Device utilization summary
       8.3) Partition Resource Summary
       8.4) Timing Report
            8.4.1) Clock Information
            8.4.2) Asynchronous Control Signals Information
            8.4.3) Timing Summary
            8.4.4) Timing Details
            8.4.5) Cross Clock Domains Report


=========================================================================
*                      Synthesis Options Summary                        *
=========================================================================
---- Source Parameters
Input File Name                    : "vga_ctrl_new.prj"
Ignore Synthesis Constraint File   : NO

---- Target Parameters
Output File Name                   : "vga_ctrl_new"
Output Format                      : NGC
Target Device                      : xc6slx45-2-fgg676

---- Source Options
Top Module Name                    : vga_ctrl_new
Automatic FSM Extraction           : YES
FSM Encoding Algorithm             : Auto
Safe Implementation                : No
FSM Style                          : LUT
RAM Extraction                     : Yes
RAM Style                          : Auto
ROM Extraction                     : Yes
Shift Register Extraction          : YES
ROM Style                          : Auto
Resource Sharing                   : YES
Asynchronous To Synchronous        : NO
Shift Register Minimum Size        : 2
Use DSP Block                      : Auto
Automatic Register Balancing       : No

---- Target Options
LUT Combining                      : Auto
Reduce Control Sets                : Auto
Add IO Buffers                     : YES
Global Maximum Fanout              : 100000
Add Generic Clock Buffer(BUFG)     : 16
Register Duplication               : YES
Optimize Instantiated Primitives   : NO
Use Clock Enable                   : Auto
Use Synchronous Set                : Auto
Use Synchronous Reset              : Auto
Pack IO Registers into IOBs        : Auto
Equivalent register Removal        : YES

---- General Options
Optimization Goal                  : Speed
Optimization Effort                : 1
Power Reduction                    : NO
Keep Hierarchy                     : No
Netlist Hierarchy                  : As_Optimized
RTL Output                         : Yes
Global Optimization                : AllClockNets
Read Cores                         : YES
Write Timing Constraints           : NO
Cross Clock Analysis               : NO
Hierarchy Separator                : /
Bus Delimiter                      : <>
Case Specifier                     : Maintain
Slice Utilization Ratio            : 100
BRAM Utilization Ratio             : 100
DSP48 Utilization Ratio            : 100
Auto BRAM Packing                  : NO
Slice Utilization Ratio Delta      : 5

=========================================================================


=========================================================================
*                          HDL Parsing                                  *
=========================================================================
Parsing VHDL file "C:/Xilinx/14.6/ISE_DS/EDK/hw/XilinxProcessorIPLib/pcores/proc_common_v3_00_a/hdl/vhdl/proc_common_pkg.vhd" into library proc_common_v3_00_a
Parsing package <proc_common_pkg>.
Parsing package body <proc_common_pkg>.
Parsing VHDL file "C:/Xilinx/14.6/ISE_DS/EDK/hw/XilinxProcessorIPLib/pcores/proc_common_v3_00_a/hdl/vhdl/family_support.vhd" into library proc_common_v3_00_a
Parsing package <family_support>.
Parsing package body <family_support>.
Parsing VHDL file "C:/Xilinx/14.6/ISE_DS/EDK/hw/XilinxProcessorIPLib/pcores/proc_common_v3_00_a/hdl/vhdl/pselect_f.vhd" into library proc_common_v3_00_a
Parsing entity <pselect_f>.
Parsing architecture <imp> of entity <pselect_f>.
Parsing VHDL file "C:/Xilinx/14.6/ISE_DS/EDK/hw/XilinxProcessorIPLib/pcores/proc_common_v3_00_a/hdl/vhdl/ipif_pkg.vhd" into library proc_common_v3_00_a
Parsing package <ipif_pkg>.
Parsing package body <ipif_pkg>.
Parsing VHDL file "C:/Xilinx/14.6/ISE_DS/EDK/hw/XilinxProcessorIPLib/pcores/proc_common_v3_00_a/hdl/vhdl/counter_f.vhd" into library proc_common_v3_00_a
Parsing entity <counter_f>.
Parsing architecture <imp> of entity <counter_f>.
Parsing VHDL file "C:/Xilinx/14.6/ISE_DS/EDK/hw/XilinxProcessorIPLib/pcores/axi_lite_ipif_v1_01_a/hdl/vhdl/address_decoder.vhd" into library axi_lite_ipif_v1_01_a
Parsing entity <address_decoder>.
Parsing architecture <IMP> of entity <address_decoder>.
Parsing VHDL file "C:/Xilinx/14.6/ISE_DS/EDK/hw/XilinxProcessorIPLib/pcores/axi_lite_ipif_v1_01_a/hdl/vhdl/slave_attachment.vhd" into library axi_lite_ipif_v1_01_a
Parsing entity <slave_attachment>.
Parsing architecture <imp> of entity <slave_attachment>.
Parsing VHDL file "D:\ra22-2015\lab3\pcores\vga_ctrl_new_v1_00_a\hdl\vhdl\user_logic.vhd" into library vga_ctrl_new_v1_00_a
Parsing entity <user_logic>.
Parsing architecture <IMP> of entity <user_logic>.
Parsing VHDL file "C:/Xilinx/14.6/ISE_DS/EDK/hw/XilinxProcessorIPLib/pcores/axi_lite_ipif_v1_01_a/hdl/vhdl/axi_lite_ipif.vhd" into library axi_lite_ipif_v1_01_a
Parsing entity <axi_lite_ipif>.
Parsing architecture <imp> of entity <axi_lite_ipif>.
Parsing VHDL file "D:\ra22-2015\lab3\pcores\vga_ctrl_new_v1_00_a\hdl\vhdl\vga_ctrl_new.vhd" into library vga_ctrl_new_v1_00_a
Parsing entity <vga_ctrl_new>.
Parsing architecture <IMP> of entity <vga_ctrl_new>.
ERROR:HDLCompiler:1314 - "D:\ra22-2015\lab3\pcores\vga_ctrl_new_v1_00_a\hdl\vhdl\vga_ctrl_new.vhd" Line 310: Formal port/generic <bus2ip_cs> is not declared in <user_logic>
ERROR:HDLCompiler:432 - "D:\ra22-2015\lab3\pcores\vga_ctrl_new_v1_00_a\hdl\vhdl\vga_ctrl_new.vhd" Line 291: Formal <bus2ip_data> has no actual or default value.
INFO:HDLCompiler:1408 - "D:\ra22-2015\lab3\pcores\vga_ctrl_new_v1_00_a\hdl\vhdl\user_logic.vhd" Line 107. bus2ip_data is declared here
INFO:HDLCompiler:1408 - "D:\ra22-2015\lab3\pcores\vga_ctrl_new_v1_00_a\hdl\vhdl\user_logic.vhd" Line 108. bus2ip_be is declared here
INFO:HDLCompiler:1408 - "D:\ra22-2015\lab3\pcores\vga_ctrl_new_v1_00_a\hdl\vhdl\user_logic.vhd" Line 109. bus2ip_rdce is declared here
INFO:HDLCompiler:1408 - "D:\ra22-2015\lab3\pcores\vga_ctrl_new_v1_00_a\hdl\vhdl\user_logic.vhd" Line 110. bus2ip_wrce is declared here
ERROR:HDLCompiler:854 - "D:\ra22-2015\lab3\pcores\vga_ctrl_new_v1_00_a\hdl\vhdl\vga_ctrl_new.vhd" Line 179: Unit <imp> ignored due to previous errors.
VHDL file D:\ra22-2015\lab3\pcores\vga_ctrl_new_v1_00_a\hdl\vhdl\vga_ctrl_new.vhd ignored due to errors
--> 

Total memory usage is 212308 kilobytes

Number of errors   :    3 (   0 filtered)
Number of warnings :    0 (   0 filtered)
Number of infos    :    0 (   0 filtered)

